#
# A fatal error has been detected by the Java Runtime Environment:
#
#  Internal Error (javaClasses.cpp:136), pid=4104, tid=139703129876224
#  fatal error: Invalid layout of preloaded class
#
# JRE version:  (7.0_55-b14) (build )
# Java VM: OpenJDK 64-Bit Server VM (24.51-b03 mixed mode linux-amd64 compressed oops)
# Failed to write core dump. Core dumps have been disabled. To enable core dumping, try "ulimit -c unlimited" before starting Java again
#
# If you would like to submit a bug report, please include
# instructions on how to reproduce the bug and visit:
#   http://icedtea.classpath.org/bugzilla
#

---------------  T H R E A D  ---------------

Current thread (0x00007f0f2400a000):  JavaThread "Unknown thread" [_thread_in_vm, id=4110, stack(0x00007f0f2b5e2000,0x00007f0f2b6e3000)]

Stack: [0x00007f0f2b5e2000,0x00007f0f2b6e3000],  sp=0x00007f0f2b6e1910,  free space=1022k
Native frames: (J=compiled Java code, j=interpreted, Vv=VM code, C=native code)
V  [libjvm.so+0x917b35]  VMError::report_and_die()+0x175
V  [libjvm.so+0x4680b4]  report_fatal(char const*, int, char const*)+0x54
V  [libjvm.so+0x5c0e8a]  compute_offset(int&, klassOopDesc*, Symbol*, Symbol*, bool) [clone .constprop.121]+0x10a
V  [libjvm.so+0x5c1496]  java_lang_String::compute_offsets()+0x36
V  [libjvm.so+0x89e74c]  SystemDictionary::initialize_preloaded_classes(Thread*)+0xcc
V  [libjvm.so+0x8e9698]  Universe::genesis(Thread*)+0x468
V  [libjvm.so+0x8e9ca4]  universe2_init()+0x24
V  [libjvm.so+0x575b8a]  init_globals()+0x9a
V  [libjvm.so+0x8ccfaf]  Threads::create_vm(JavaVMInitArgs*, bool*)+0x35f
V  [libjvm.so+0x5df3d4]  JNI_CreateJavaVM+0x54
C  [libjli.so+0x2b18]  __strcat_chk+0x2b18


---------------  P R O C E S S  ---------------

Java Threads: ( => current thread )

Other Threads:

=>0x00007f0f2400a000 (exited) JavaThread "Unknown thread" [_thread_in_vm, id=4110, stack(0x00007f0f2b5e2000,0x00007f0f2b6e3000)]

VM state:not at safepoint (not fully initialized)

VM Mutex/Monitor currently owned by a thread: None

GC Heap History (0 events):
No events

Deoptimization events (0 events):
No events

Internal exceptions (0 events):
No events

Events (10 events):
Event: 0.088 loading class 0x00007f0f20ec66f0 done
Event: 0.089 loading class 0x00007f0f20ec6110 done
Event: 0.089 loading class 0x00007f0f20ec60f0
Event: 0.089 loading class 0x00007f0f20ece130
Event: 0.089 loading class 0x00007f0f20ece130 done
Event: 0.089 loading class 0x00007f0f20ece160
Event: 0.089 loading class 0x00007f0f20ece160 done
Event: 0.089 loading class 0x00007f0f20ece190
Event: 0.089 loading class 0x00007f0f20ece190 done
Event: 0.090 loading class 0x00007f0f20ec60f0 done


Dynamic libraries:
00400000-00401000 r-xp 00000000 08:06 2504261                            /usr/lib/jvm/java-7-openjdk-amd64/jre/bin/java
00600000-00601000 r--p 00000000 08:06 2504261                            /usr/lib/jvm/java-7-openjdk-amd64/jre/bin/java
00601000-00602000 rw-p 00001000 08:06 2504261                            /usr/lib/jvm/java-7-openjdk-amd64/jre/bin/java
02321000-02342000 rw-p 00000000 00:00 0                                  [heap]
cc000000-cc850000 rw-p 00000000 00:00 0 
cc850000-d9e00000 rw-p 00000000 00:00 0 
d9e00000-daec0000 rw-p 00000000 00:00 0 
daec0000-f5a00000 rw-p 00000000 00:00 0 
f5a00000-f6ec0000 rw-p 00000000 00:00 0 
f6ec0000-100000000 rw-p 00000000 00:00 0 
7f0f20b43000-7f0f20d79000 rw-p 00000000 00:00 0 
7f0f20d79000-7f0f20e50000 r--s 013fe000 08:07 2500371                    /home/akirachix/Downloads/adt-bundle-linux-x86_64-20131030/adt-bundle-linux-x86_64-20131030/sdk/platforms/android-19/android.jar
7f0f20e50000-7f0f20f2a000 rw-p 00000000 00:00 0 
7f0f20f2a000-7f0f21000000 rw-p 00000000 00:00 0 
7f0f21000000-7f0f21270000 rwxp 00000000 00:00 0 
7f0f21270000-7f0f2404e000 rw-p 00000000 00:00 0 
7f0f2404e000-7f0f28000000 ---p 00000000 00:00 0 
7f0f2801c000-7f0f28076000 rw-p 00000000 00:00 0 
7f0f28076000-7f0f280bf000 rw-p 00000000 00:00 0 
7f0f280bf000-7f0f280c4000 rw-p 00000000 00:00 0 
7f0f280c4000-7f0f2812e000 rw-p 00000000 00:00 0 
7f0f2812e000-7f0f28137000 rw-p 00000000 00:00 0 
7f0f28137000-7f0f2820c000 rw-p 00000000 00:00 0 
7f0f2820c000-7f0f28217000 rw-p 00000000 00:00 0 
7f0f28217000-7f0f2825f000 rw-p 00000000 00:00 0 
7f0f2825f000-7f0f28260000 rw-p 00000000 00:00 0 
7f0f28260000-7f0f28268000 r-xp 00000000 08:06 2504317                    /usr/lib/jvm/java-7-openjdk-amd64/jre/lib/amd64/libzip.so
7f0f28268000-7f0f28467000 ---p 00008000 08:06 2504317                    /usr/lib/jvm/java-7-openjdk-amd64/jre/lib/amd64/libzip.so
7f0f28467000-7f0f28468000 r--p 00007000 08:06 2504317                    /usr/lib/jvm/java-7-openjdk-amd64/jre/lib/amd64/libzip.so
7f0f28468000-7f0f28469000 rw-p 00008000 08:06 2504317                    /usr/lib/jvm/java-7-openjdk-amd64/jre/lib/amd64/libzip.so
7f0f28469000-7f0f28474000 r-xp 00000000 08:06 1183836                    /lib/x86_64-linux-gnu/libnss_files-2.19.so
7f0f28474000-7f0f28673000 ---p 0000b000 08:06 1183836                    /lib/x86_64-linux-gnu/libnss_files-2.19.so
7f0f28673000-7f0f28674000 r--p 0000a000 08:06 1183836                    /lib/x86_64-linux-gnu/libnss_files-2.19.so
7f0f28674000-7f0f28675000 rw-p 0000b000 08:06 1183836                    /lib/x86_64-linux-gnu/libnss_files-2.19.so
7f0f28675000-7f0f28680000 r-xp 00000000 08:06 1183846                    /lib/x86_64-linux-gnu/libnss_nis-2.19.so
7f0f28680000-7f0f2887f000 ---p 0000b000 08:06 1183846                    /lib/x86_64-linux-gnu/libnss_nis-2.19.so
7f0f2887f000-7f0f28880000 r--p 0000a000 08:06 1183846                    /lib/x86_64-linux-gnu/libnss_nis-2.19.so
7f0f28880000-7f0f28881000 rw-p 0000b000 08:06 1183846                    /lib/x86_64-linux-gnu/libnss_nis-2.19.so
7f0f28881000-7f0f28898000 r-xp 00000000 08:06 1183830                    /lib/x86_64-linux-gnu/libnsl-2.19.so
7f0f28898000-7f0f28a97000 ---p 00017000 08:06 1183830                    /lib/x86_64-linux-gnu/libnsl-2.19.so
7f0f28a97000-7f0f28a98000 r--p 00016000 08:06 1183830                    /lib/x86_64-linux-gnu/libnsl-2.19.so
7f0f28a98000-7f0f28a99000 rw-p 00017000 08:06 1183830                    /lib/x86_64-linux-gnu/libnsl-2.19.so
7f0f28a99000-7f0f28a9b000 rw-p 00000000 00:00 0 
7f0f28a9b000-7f0f28aa4000 r-xp 00000000 08:06 1183832                    /lib/x86_64-linux-gnu/libnss_compat-2.19.so
7f0f28aa4000-7f0f28ca3000 ---p 00009000 08:06 1183832                    /lib/x86_64-linux-gnu/libnss_compat-2.19.so
7f0f28ca3000-7f0f28ca4000 r--p 00008000 08:06 1183832                    /lib/x86_64-linux-gnu/libnss_compat-2.19.so
7f0f28ca4000-7f0f28ca5000 rw-p 00009000 08:06 1183832                    /lib/x86_64-linux-gnu/libnss_compat-2.19.so
7f0f28ca5000-7f0f28cd0000 r-xp 00000000 08:06 2504313                    /usr/lib/jvm/java-7-openjdk-amd64/jre/lib/amd64/libjava.so
7f0f28cd0000-7f0f28ecf000 ---p 0002b000 08:06 2504313                    /usr/lib/jvm/java-7-openjdk-amd64/jre/lib/amd64/libjava.so
7f0f28ecf000-7f0f28ed0000 r--p 0002a000 08:06 2504313                    /usr/lib/jvm/java-7-openjdk-amd64/jre/lib/amd64/libjava.so
7f0f28ed0000-7f0f28ed2000 rw-p 0002b000 08:06 2504313                    /usr/lib/jvm/java-7-openjdk-amd64/jre/lib/amd64/libjava.so
7f0f28ed2000-7f0f28ee2000 r-xp 00000000 08:06 2504346                    /usr/lib/jvm/java-7-openjdk-amd64/jre/lib/amd64/libverify.so
7f0f28ee2000-7f0f290e1000 ---p 00010000 08:06 2504346                    /usr/lib/jvm/java-7-openjdk-amd64/jre/lib/amd64/libverify.so
7f0f290e1000-7f0f290e3000 r--p 0000f000 08:06 2504346                    /usr/lib/jvm/java-7-openjdk-amd64/jre/lib/amd64/libverify.so
7f0f290e3000-7f0f290e4000 rw-p 00011000 08:06 2504346                    /usr/lib/jvm/java-7-openjdk-amd64/jre/lib/amd64/libverify.so
7f0f290e4000-7f0f290eb000 r-xp 00000000 08:06 1183889                    /lib/x86_64-linux-gnu/librt-2.19.so
7f0f290eb000-7f0f292ea000 ---p 00007000 08:06 1183889                    /lib/x86_64-linux-gnu/librt-2.19.so
7f0f292ea000-7f0f292eb000 r--p 00006000 08:06 1183889                    /lib/x86_64-linux-gnu/librt-2.19.so
7f0f292eb000-7f0f292ec000 rw-p 00007000 08:06 1183889                    /lib/x86_64-linux-gnu/librt-2.19.so
7f0f292ec000-7f0f29302000 r-xp 00000000 08:06 1183788                    /lib/x86_64-linux-gnu/libgcc_s.so.1
7f0f29302000-7f0f29501000 ---p 00016000 08:06 1183788                    /lib/x86_64-linux-gnu/libgcc_s.so.1
7f0f29501000-7f0f29502000 rw-p 00015000 08:06 1183788                    /lib/x86_64-linux-gnu/libgcc_s.so.1
7f0f29502000-7f0f29607000 r-xp 00000000 08:06 1183811                    /lib/x86_64-linux-gnu/libm-2.19.so
7f0f29607000-7f0f29806000 ---p 00105000 08:06 1183811                    /lib/x86_64-linux-gnu/libm-2.19.so
7f0f29806000-7f0f29807000 r--p 00104000 08:06 1183811                    /lib/x86_64-linux-gnu/libm-2.19.so
7f0f29807000-7f0f29808000 rw-p 00105000 08:06 1183811                    /lib/x86_64-linux-gnu/libm-2.19.so
7f0f29808000-7f0f298ee000 r-xp 00000000 08:06 2500758                    /usr/lib/x86_64-linux-gnu/libstdc++.so.6.0.19
7f0f298ee000-7f0f29aed000 ---p 000e6000 08:06 2500758                    /usr/lib/x86_64-linux-gnu/libstdc++.so.6.0.19
7f0f29aed000-7f0f29af5000 r--p 000e5000 08:06 2500758                    /usr/lib/x86_64-linux-gnu/libstdc++.so.6.0.19
7f0f29af5000-7f0f29af7000 rw-p 000ed000 08:06 2500758                    /usr/lib/x86_64-linux-gnu/libstdc++.so.6.0.19
7f0f29af7000-7f0f29b0c000 rw-p 00000000 00:00 0 
7f0f29b0c000-7f0f2a5ed000 r-xp 00000000 08:06 2504328                    /usr/lib/jvm/java-7-openjdk-amd64/jre/lib/amd64/server/libjvm.so
7f0f2a5ed000-7f0f2a7ec000 ---p 00ae1000 08:06 2504328                    /usr/lib/jvm/java-7-openjdk-amd64/jre/lib/amd64/server/libjvm.so
7f0f2a7ec000-7f0f2a87e000 r--p 00ae0000 08:06 2504328                    /usr/lib/jvm/java-7-openjdk-amd64/jre/lib/amd64/server/libjvm.so
7f0f2a87e000-7f0f2a8a1000 rw-p 00b72000 08:06 2504328                    /usr/lib/jvm/java-7-openjdk-amd64/jre/lib/amd64/server/libjvm.so
7f0f2a8a1000-7f0f2a8ce000 rw-p 00000000 00:00 0 
7f0f2a8ce000-7f0f2a8e6000 r-xp 00000000 08:06 1183924                    /lib/x86_64-linux-gnu/libz.so.1.2.8
7f0f2a8e6000-7f0f2aae5000 ---p 00018000 08:06 1183924                    /lib/x86_64-linux-gnu/libz.so.1.2.8
7f0f2aae5000-7f0f2aae6000 r--p 00017000 08:06 1183924                    /lib/x86_64-linux-gnu/libz.so.1.2.8
7f0f2aae6000-7f0f2aae7000 rw-p 00018000 08:06 1183924                    /lib/x86_64-linux-gnu/libz.so.1.2.8
7f0f2aae7000-7f0f2ab00000 r-xp 00000000 08:06 1183881                    /lib/x86_64-linux-gnu/libpthread-2.19.so
7f0f2ab00000-7f0f2acff000 ---p 00019000 08:06 1183881                    /lib/x86_64-linux-gnu/libpthread-2.19.so
7f0f2acff000-7f0f2ad00000 r--p 00018000 08:06 1183881                    /lib/x86_64-linux-gnu/libpthread-2.19.so
7f0f2ad00000-7f0f2ad01000 rw-p 00019000 08:06 1183881                    /lib/x86_64-linux-gnu/libpthread-2.19.so
7f0f2ad01000-7f0f2ad05000 rw-p 00000000 00:00 0 
7f0f2ad05000-7f0f2ad08000 r-xp 00000000 08:06 1183778                    /lib/x86_64-linux-gnu/libdl-2.19.so
7f0f2ad08000-7f0f2af07000 ---p 00003000 08:06 1183778                    /lib/x86_64-linux-gnu/libdl-2.19.so
7f0f2af07000-7f0f2af08000 r--p 00002000 08:06 1183778                    /lib/x86_64-linux-gnu/libdl-2.19.so
7f0f2af08000-7f0f2af09000 rw-p 00003000 08:06 1183778                    /lib/x86_64-linux-gnu/libdl-2.19.so
7f0f2af09000-7f0f2b0c5000 r-xp 00000000 08:06 1183761                    /lib/x86_64-linux-gnu/libc-2.19.so
7f0f2b0c5000-7f0f2b2c4000 ---p 001bc000 08:06 1183761                    /lib/x86_64-linux-gnu/libc-2.19.so
7f0f2b2c4000-7f0f2b2c8000 r--p 001bb000 08:06 1183761                    /lib/x86_64-linux-gnu/libc-2.19.so
7f0f2b2c8000-7f0f2b2ca000 rw-p 001bf000 08:06 1183761                    /lib/x86_64-linux-gnu/libc-2.19.so
7f0f2b2ca000-7f0f2b2cf000 rw-p 00000000 00:00 0 
7f0f2b2cf000-7f0f2b2dc000 r-xp 00000000 08:06 2504339                    /usr/lib/jvm/java-7-openjdk-amd64/jre/lib/amd64/jli/libjli.so
7f0f2b2dc000-7f0f2b4db000 ---p 0000d000 08:06 2504339                    /usr/lib/jvm/java-7-openjdk-amd64/jre/lib/amd64/jli/libjli.so
7f0f2b4db000-7f0f2b4dc000 r--p 0000c000 08:06 2504339                    /usr/lib/jvm/java-7-openjdk-amd64/jre/lib/amd64/jli/libjli.so
7f0f2b4dc000-7f0f2b4dd000 rw-p 0000d000 08:06 2504339                    /usr/lib/jvm/java-7-openjdk-amd64/jre/lib/amd64/jli/libjli.so
7f0f2b4dd000-7f0f2b500000 r-xp 00000000 08:06 1183737                    /lib/x86_64-linux-gnu/ld-2.19.so
7f0f2b522000-7f0f2b52c000 rw-p 00000000 00:00 0 
7f0f2b52c000-7f0f2b5e2000 rw-p 00000000 00:00 0 
7f0f2b5e2000-7f0f2b5e5000 ---p 00000000 00:00 0 
7f0f2b5e5000-7f0f2b6e8000 rw-p 00000000 00:00 0                          [stack:4110]
7f0f2b6f1000-7f0f2b6f3000 rw-p 00000000 00:00 0 
7f0f2b6f3000-7f0f2b6fb000 rw-s 00000000 08:06 660807                     /tmp/hsperfdata_akirachix/4104
7f0f2b6fb000-7f0f2b6fc000 rw-p 00000000 00:00 0 
7f0f2b6fc000-7f0f2b6fd000 r--p 00000000 00:00 0 
7f0f2b6fd000-7f0f2b6ff000 rw-p 00000000 00:00 0 
7f0f2b6ff000-7f0f2b700000 r--p 00022000 08:06 1183737                    /lib/x86_64-linux-gnu/ld-2.19.so
7f0f2b700000-7f0f2b701000 rw-p 00023000 08:06 1183737                    /lib/x86_64-linux-gnu/ld-2.19.so
7f0f2b701000-7f0f2b702000 rw-p 00000000 00:00 0 
7fff063ad000-7fff063ce000 rw-p 00000000 00:00 0                          [stack]
7fff063fe000-7fff06400000 r-xp 00000000 00:00 0                          [vdso]
ffffffffff600000-ffffffffff601000 r-xp 00000000 00:00 0                  [vsyscall]

VM Arguments:
jvm_args: -Dfile.encoding=UTF-8 -Xbootclasspath:/home/akirachix/Downloads/adt-bundle-linux-x86_64-20131030/adt-bundle-linux-x86_64-20131030/sdk/platforms/android-19/android.jar 
java_command: com.example.akirachix.Return
Launcher Type: SUN_STANDARD

Environment Variables:
PATH=/usr/local/sbin:/usr/local/bin:/usr/sbin:/usr/bin:/sbin:/bin:/usr/games:/usr/local/games
SHELL=/bin/bash
DISPLAY=:0.0

Signal Handlers:
SIGSEGV: [libjvm.so+0x918620], sa_mask[0]=0x7ffbfeff, sa_flags=0x10000004
SIGBUS: [libjvm.so+0x918620], sa_mask[0]=0x7ffbfeff, sa_flags=0x10000004
SIGFPE: [libjvm.so+0x795e30], sa_mask[0]=0x7ffbfeff, sa_flags=0x10000004
SIGPIPE: [libjvm.so+0x795e30], sa_mask[0]=0x7ffbfeff, sa_flags=0x10000004
SIGXFSZ: [libjvm.so+0x795e30], sa_mask[0]=0x7ffbfeff, sa_flags=0x10000004
SIGILL: [libjvm.so+0x795e30], sa_mask[0]=0x7ffbfeff, sa_flags=0x10000004
SIGUSR1: SIG_DFL, sa_mask[0]=0x00000000, sa_flags=0x00000000
SIGUSR2: [libjvm.so+0x795cd0], sa_mask[0]=0x00000004, sa_flags=0x10000004
SIGHUP: SIG_DFL, sa_mask[0]=0x00000000, sa_flags=0x00000000
SIGINT: SIG_DFL, sa_mask[0]=0x00000000, sa_flags=0x00000000
SIGTERM: SIG_DFL, sa_mask[0]=0x00000000, sa_flags=0x00000000
SIGQUIT: SIG_DFL, sa_mask[0]=0x00000000, sa_flags=0x00000000


---------------  S Y S T E M  ---------------

OS:Ubuntu 14.04 (trusty)
uname:Linux 3.13.0-24-generic #46-Ubuntu SMP Thu Apr 10 19:11:08 UTC 2014 x86_64
libc:glibc 2.19 NPTL 2.19 
rlimit: STACK 8192k, CORE 0k, NPROC 12656, NOFILE 4096, AS infinity
load average:0.59 0.44 0.31

/proc/meminfo:
MemTotal:        1641544 kB
MemFree:           87904 kB
Buffers:           59980 kB
Cached:           375256 kB
SwapCached:         2424 kB
Active:           650832 kB
Inactive:         725248 kB
Active(anon):     451448 kB
Inactive(anon):   504944 kB
Active(file):     199384 kB
Inactive(file):   220304 kB
Unevictable:          32 kB
Mlocked:              32 kB
SwapTotal:       3905532 kB
SwapFree:        3898324 kB
Dirty:                32 kB
Writeback:             0 kB
AnonPages:        938844 kB
Mapped:           136004 kB
Shmem:             15440 kB
Slab:             109148 kB
SReclaimable:      85012 kB
SUnreclaim:        24136 kB
KernelStack:        3088 kB
PageTables:        26536 kB
NFS_Unstable:          0 kB
Bounce:                0 kB
WritebackTmp:          0 kB
CommitLimit:     4726304 kB
Committed_AS:    3309192 kB
VmallocTotal:   34359738367 kB
VmallocUsed:       89144 kB
VmallocChunk:   34359643260 kB
HardwareCorrupted:     0 kB
AnonHugePages:    491520 kB
HugePages_Total:       0
HugePages_Free:        0
HugePages_Rsvd:        0
HugePages_Surp:        0
Hugepagesize:       2048 kB
DirectMap4k:       52520 kB
DirectMap2M:     1630208 kB
DirectMap1G:           0 kB


CPU:total 2 (2 cores per cpu, 1 threads per core) family 20 model 2 stepping 0, cmov, cx8, fxsr, mmx, sse, sse2, sse3, ssse3, popcnt, mmxext, lzcnt, sse4a, tsc, tscinvbit, tscinv

/proc/cpuinfo:
processor	: 0
vendor_id	: AuthenticAMD
cpu family	: 20
model		: 2
model name	: AMD E-300 APU with Radeon(tm) HD Graphics
stepping	: 0
microcode	: 0x5000101
cpu MHz		: 1300.000
cache size	: 512 KB
physical id	: 0
siblings	: 2
core id		: 0
cpu cores	: 2
apicid		: 0
initial apicid	: 0
fpu		: yes
fpu_exception	: yes
cpuid level	: 6
wp		: yes
flags		: fpu vme de pse tsc msr pae mce cx8 apic sep mtrr pge mca cmov pat pse36 clflush mmx fxsr sse sse2 ht syscall nx mmxext fxsr_opt pdpe1gb rdtscp lm constant_tsc rep_good nopl nonstop_tsc extd_apicid aperfmperf pni monitor ssse3 cx16 popcnt lahf_lm cmp_legacy svm extapic cr8_legacy abm sse4a misalignsse 3dnowprefetch ibs skinit wdt arat hw_pstate npt lbrv svm_lock nrip_save pausefilter
bogomips	: 2594.43
TLB size	: 1024 4K pages
clflush size	: 64
cache_alignment	: 64
address sizes	: 36 bits physical, 48 bits virtual
power management: ts ttp tm stc 100mhzsteps hwpstate

processor	: 1
vendor_id	: AuthenticAMD
cpu family	: 20
model		: 2
model name	: AMD E-300 APU with Radeon(tm) HD Graphics
stepping	: 0
microcode	: 0x5000101
cpu MHz		: 1300.000
cache size	: 512 KB
physical id	: 0
siblings	: 2
core id		: 1
cpu cores	: 2
apicid		: 1
initial apicid	: 1
fpu		: yes
fpu_exception	: yes
cpuid level	: 6
wp		: yes
flags		: fpu vme de pse tsc msr pae mce cx8 apic sep mtrr pge mca cmov pat pse36 clflush mmx fxsr sse sse2 ht syscall nx mmxext fxsr_opt pdpe1gb rdtscp lm constant_tsc rep_good nopl nonstop_tsc extd_apicid aperfmperf pni monitor ssse3 cx16 popcnt lahf_lm cmp_legacy svm extapic cr8_legacy abm sse4a misalignsse 3dnowprefetch ibs skinit wdt arat hw_pstate npt lbrv svm_lock nrip_save pausefilter
bogomips	: 2594.43
TLB size	: 1024 4K pages
clflush size	: 64
cache_alignment	: 64
address sizes	: 36 bits physical, 48 bits virtual
power management: ts ttp tm stc 100mhzsteps hwpstate



Memory: 4k page, physical 1641544k(87904k free), swap 3905532k(3898324k free)

vm_info: OpenJDK 64-Bit Server VM (24.51-b03) for linux-amd64 JRE (1.7.0_55-b14), built on Apr 17 2014 20:08:07 by "buildd" with gcc 4.8.2

time: Thu Jun 26 11:44:26 2014
elapsed time: 0 seconds

